{"C:\\Users\\HP\\OneDrive\\Desktop\\Namaste-react\\src\\components\\Contact.js": {"path":"C:\\Users\\HP\\OneDrive\\Desktop\\Namaste-react\\src\\components\\Contact.js","statementMap":{"0":{"start":{"line":2,"column":15},"end":{"line":15,"column":1}},"1":{"start":{"line":3,"column":4},"end":{"line":14,"column":5}}},"fnMap":{"0":{"name":"(anonymous_0)","decl":{"start":{"line":2,"column":15},"end":{"line":2,"column":16}},"loc":{"start":{"line":2,"column":19},"end":{"line":15,"column":1}},"line":2}},"branchMap":{},"s":{"0":1,"1":4},"f":{"0":4},"b":{},"_coverageSchema":"1a1c01bbd47fc00a2c39e90264f33305004495a9","hash":"b3c8f9a534529c7dd2e8fba4f5fcdc8ea7d07457"}
,"C:\\Users\\HP\\OneDrive\\Desktop\\Namaste-react\\src\\components\\sum.js": {"path":"C:\\Users\\HP\\OneDrive\\Desktop\\Namaste-react\\src\\components\\sum.js","statementMap":{"0":{"start":{"line":3,"column":17},"end":{"line":5,"column":1}},"1":{"start":{"line":4,"column":4},"end":{"line":4,"column":15}}},"fnMap":{"0":{"name":"(anonymous_0)","decl":{"start":{"line":3,"column":17},"end":{"line":3,"column":18}},"loc":{"start":{"line":3,"column":24},"end":{"line":5,"column":1}},"line":3}},"branchMap":{},"s":{"0":1,"1":1},"f":{"0":1},"b":{},"_coverageSchema":"1a1c01bbd47fc00a2c39e90264f33305004495a9","hash":"3d256d8f6a82cac063bb388b6e7091c0c2779c33"}
}
